2022-11-21 13:13:50 Loading main app package /usr/lib/obsidian/obsidian.asar
2022-11-21 13:13:50 Checking for update using Github
2022-11-21 13:13:50 Success.
2022-11-21 13:13:50 Latest version is 1.0.3
2022-11-21 13:13:50 App is up to date.
2022-11-21 13:15:36 Loading main app package /usr/lib/obsidian/obsidian.asar
2022-11-21 13:15:37 Checking for update using Github
2022-11-21 13:15:37 Success.
2022-11-21 13:15:37 Latest version is 1.0.3
2022-11-21 13:15:37 App is up to date.
2022-11-21 14:23:33 Checking for update using Github
2022-11-21 14:23:34 Success.
2022-11-21 14:23:34 Latest version is 1.0.3
2022-11-21 14:23:34 App is up to date.
2022-11-21 15:10:20 Loading main app package /usr/lib/obsidian/obsidian.asar
2022-11-21 15:10:21 Checking for update using Github
2022-11-21 15:10:21 Failed to check for update using Github (net::ERR_INTERNET_DISCONNECTED)
2022-11-21 15:10:21 Checking for update using obsidian.md
2022-11-21 15:10:21 Failed to check for update using obsidian.md (net::ERR_INTERNET_DISCONNECTED)
2022-11-22 02:05:04 Loading main app package /usr/lib/obsidian/obsidian.asar
2022-11-22 02:05:04 Checking for update using Github
2022-11-22 02:05:04 Success.
2022-11-22 02:05:04 Latest version is 1.0.3
2022-11-22 02:05:04 App is up to date.
2022-11-22 13:28:04 Loading main app package /usr/lib/obsidian/obsidian.asar
2022-11-22 13:28:04 Checking for update using Github
2022-11-22 13:28:05 Success.
2022-11-22 13:28:05 Latest version is 1.0.3
2022-11-22 13:28:05 App is up to date.
2022-11-22 14:30:12 Loading main app package /usr/lib/obsidian/obsidian.asar
2022-11-22 14:30:13 Checking for update using Github
2022-11-22 14:30:13 Success.
2022-11-22 14:30:13 Latest version is 1.0.3
2022-11-22 14:30:13 App is up to date.
2022-11-22 18:03:05 Loading main app package /usr/lib/obsidian/obsidian.asar
2022-11-22 18:03:06 Checking for update using Github
2022-11-22 18:03:06 Success.
2022-11-22 18:03:06 Latest version is 1.0.3
2022-11-22 18:03:06 App is up to date.
2022-11-22 19:03:06 Checking for update using Github
2022-11-22 19:03:06 Success.
2022-11-22 19:03:06 Latest version is 1.0.3
2022-11-22 19:03:06 App is up to date.
2022-11-24 16:33:57 Loading main app package /usr/lib/obsidian/obsidian.asar
2022-11-24 16:33:57 Checking for update using Github
2022-11-24 16:33:58 Success.
2022-11-24 16:33:58 Latest version is 1.0.3
2022-11-24 16:33:58 App is up to date.
2022-11-24 17:33:57 Checking for update using Github
2022-11-24 17:33:57 Success.
2022-11-24 17:33:57 Latest version is 1.0.3
2022-11-24 17:33:57 App is up to date.
2022-11-24 18:51:14 Checking for update using Github
2022-11-24 18:51:14 Success.
2022-11-24 18:51:14 Latest version is 1.0.3
2022-11-24 18:51:14 App is up to date.
2022-11-24 21:58:41 Checking for update using Github
2022-11-24 21:58:41 Success.
2022-11-24 21:58:41 Latest version is 1.0.3
2022-11-24 21:58:41 App is up to date.
2022-11-24 22:11:46 Loading main app package /usr/lib/obsidian/obsidian.asar
2022-11-24 22:11:46 Checking for update using Github
2022-11-24 22:11:46 Success.
2022-11-24 22:11:46 Latest version is 1.0.3
2022-11-24 22:11:46 App is up to date.
2022-11-24 22:11:50 Loading main app package /usr/lib/obsidian/obsidian.asar
2022-11-24 22:11:50 Checking for update using Github
2022-11-24 22:11:51 Success.
2022-11-24 22:11:51 Latest version is 1.0.3
2022-11-24 22:11:51 App is up to date.
2022-11-28 14:56:25 Loading main app package /usr/lib/obsidian/obsidian.asar
2022-11-28 14:56:25 Checking for update using Github
2022-11-28 14:56:26 Success.
2022-11-28 14:56:26 Latest version is 1.0.3
2022-11-28 14:56:26 App is up to date.
2022-11-29 13:28:08 Loading main app package /usr/lib/obsidian/obsidian.asar
2022-11-29 13:28:08 Checking for update using Github
2022-11-29 13:28:08 Success.
2022-11-29 13:28:08 Latest version is 1.0.3
2022-11-29 13:28:08 App is up to date.
2022-12-01 17:35:30 Loading main app package /usr/lib/obsidian/obsidian.asar
2022-12-01 17:35:31 Checking for update using Github
2022-12-01 17:35:31 Success.
2022-12-01 17:35:31 Latest version is 1.0.3
2022-12-01 17:35:31 App is up to date.
2022-12-01 18:48:14 Loading main app package /usr/lib/obsidian/obsidian.asar
2022-12-01 18:48:14 Checking for update using Github
2022-12-01 19:01:45 Loading main app package /usr/lib/obsidian/obsidian.asar
2022-12-01 19:01:46 Checking for update using Github
2022-12-01 19:07:01 Checking for update using Github
2022-12-01 19:07:02 Success.
2022-12-01 19:07:02 Latest version is 1.0.3
2022-12-01 19:07:02 App is up to date.
2022-12-02 12:14:18 Loading main app package /usr/lib/obsidian/obsidian.asar
2022-12-02 12:14:18 Checking for update using Github
2022-12-02 12:14:19 Success.
2022-12-02 12:14:19 Latest version is 1.0.3
2022-12-02 12:14:19 App is up to date.
2022-12-02 12:15:27 Loading main app package /usr/lib/obsidian/obsidian.asar
2022-12-02 12:15:28 Checking for update using Github
2022-12-02 12:15:28 Success.
2022-12-02 12:15:28 Latest version is 1.0.3
2022-12-02 12:15:28 App is up to date.
2022-12-02 14:03:18 Loading main app package /usr/lib/obsidian/obsidian.asar
2022-12-02 14:03:18 Checking for update using Github
2022-12-02 14:03:18 Success.
2022-12-02 14:03:18 Latest version is 1.0.3
2022-12-02 14:03:18 App is up to date.
2022-12-02 15:03:18 Checking for update using Github
2022-12-02 15:03:18 Success.
2022-12-02 15:03:18 Latest version is 1.0.3
2022-12-02 15:03:18 App is up to date.
2022-12-05 13:42:31 Loading main app package /usr/lib/obsidian/obsidian.asar
2022-12-05 13:42:31 Checking for update using Github
2022-12-05 13:42:31 Success.
2022-12-05 13:42:31 Latest version is 1.0.3
2022-12-05 13:42:31 App is up to date.
2022-12-05 14:42:31 Checking for update using Github
2022-12-05 14:42:31 Success.
2022-12-05 14:42:31 Latest version is 1.0.3
2022-12-05 14:42:31 App is up to date.
2022-12-05 18:01:48 Loading main app package /usr/lib/obsidian/obsidian.asar
2022-12-05 18:01:49 Checking for update using Github
2022-12-05 18:01:49 Failed to check for update using Github (net::ERR_INTERNET_DISCONNECTED)
2022-12-05 18:01:49 Checking for update using obsidian.md
2022-12-05 18:01:49 Failed to check for update using obsidian.md (net::ERR_INTERNET_DISCONNECTED)
2022-12-05 19:01:49 Checking for update using Github
2022-12-05 19:01:49 Success.
2022-12-05 19:01:49 Latest version is 1.0.3
2022-12-05 19:01:49 App is up to date.
2022-12-06 17:41:36 Loading main app package /usr/lib/obsidian/obsidian.asar
2022-12-06 17:41:36 Checking for update using Github
2022-12-06 17:41:37 Success.
2022-12-06 17:41:37 Latest version is 1.0.3
2022-12-06 17:41:37 App is up to date.
2022-12-06 18:41:36 Checking for update using Github
2022-12-06 18:41:36 Success.
2022-12-06 18:41:36 Latest version is 1.0.3
2022-12-06 18:41:36 App is up to date.
2022-12-07 13:30:39 Loading main app package /usr/lib/obsidian/obsidian.asar
2022-12-07 13:30:39 Checking for update using Github
2022-12-07 13:30:39 Success.
2022-12-07 13:30:39 Latest version is 1.0.3
2022-12-07 13:30:39 App is up to date.
2022-12-07 18:10:09 Loading main app package /usr/lib/obsidian/obsidian.asar
2022-12-07 18:10:09 Checking for update using Github
2022-12-07 18:10:09 Success.
2022-12-07 18:10:09 Latest version is 1.0.3
2022-12-07 18:10:09 App is up to date.
2022-12-08 12:32:37 Loading main app package /usr/lib/obsidian/obsidian.asar
2022-12-08 12:32:37 Checking for update using Github
2022-12-08 12:32:38 Success.
2022-12-08 12:32:38 Latest version is 1.0.3
2022-12-08 12:32:38 App is up to date.
2022-12-08 13:32:39 Checking for update using Github
2022-12-08 13:32:39 Success.
2022-12-08 13:32:39 Latest version is 1.0.3
2022-12-08 13:32:39 App is up to date.
2022-12-08 16:34:46 Loading main app package /usr/lib/obsidian/obsidian.asar
2022-12-08 16:34:46 Checking for update using Github
2022-12-08 16:34:47 Success.
2022-12-08 16:34:47 Latest version is 1.0.3
2022-12-08 16:34:47 App is up to date.
2022-12-08 17:34:46 Checking for update using Github
2022-12-08 17:34:46 Success.
2022-12-08 17:34:46 Latest version is 1.0.3
2022-12-08 17:34:46 App is up to date.
2022-12-08 18:45:22 Loading main app package /usr/lib/obsidian/obsidian.asar
2022-12-08 18:45:22 Checking for update using Github
2022-12-08 18:45:23 Success.
2022-12-08 18:45:23 Latest version is 1.0.3
2022-12-08 18:45:23 App is up to date.
2022-12-09 17:30:59 Loading main app package /usr/lib/obsidian/obsidian.asar
2022-12-09 17:31:00 Checking for update using Github
2022-12-09 17:31:00 Success.
2022-12-09 17:31:00 Latest version is 1.0.3
2022-12-09 17:31:00 App is up to date.
2022-12-09 18:04:07 Loading main app package /usr/lib/obsidian/obsidian.asar
2022-12-09 18:04:07 Checking for update using Github
2022-12-09 18:04:07 Success.
2022-12-09 18:04:07 Latest version is 1.0.3
2022-12-09 18:04:07 App is up to date.
2022-12-09 18:06:34 Loading main app package /usr/lib/obsidian/obsidian.asar
2022-12-09 18:06:34 Checking for update using Github
2022-12-09 18:06:34 Success.
2022-12-09 18:06:34 Latest version is 1.0.3
2022-12-09 18:06:34 App is up to date.
2022-12-12 15:41:56 Loading main app package /usr/lib/obsidian/obsidian.asar
2022-12-12 15:41:56 Checking for update using Github
2022-12-12 15:41:56 Success.
2022-12-12 15:41:56 Latest version is 1.0.3
2022-12-12 15:41:56 App is up to date.
2022-12-12 16:41:56 Checking for update using Github
2022-12-12 16:41:56 Success.
2022-12-12 16:41:56 Latest version is 1.0.3
2022-12-12 16:41:56 App is up to date.
2022-12-13 13:49:26 Loading main app package /usr/lib/obsidian/obsidian.asar
2022-12-13 13:49:26 Checking for update using Github
2022-12-13 13:49:26 Success.
2022-12-13 13:49:26 Latest version is 1.0.3
2022-12-13 13:49:26 App is up to date.
2022-12-13 15:32:24 Checking for update using Github
2022-12-13 15:32:26 Success.
2022-12-13 15:32:26 Latest version is 1.0.3
2022-12-13 15:32:26 App is up to date.
2022-12-13 17:17:59 Checking for update using Github
2022-12-13 17:17:59 Success.
2022-12-13 17:17:59 Latest version is 1.0.3
2022-12-13 17:17:59 App is up to date.
2022-12-13 18:40:50 Checking for update using Github
2022-12-13 18:40:50 Success.
2022-12-13 18:40:50 Latest version is 1.0.3
2022-12-13 18:40:50 App is up to date.
2022-12-29 21:29:57 Loading main app package /usr/lib/obsidian/obsidian.asar
2022-12-29 21:29:58 Checking for update using Github
2022-12-29 21:29:58 Success.
2022-12-29 21:29:58 Latest version is 1.1.9
2022-12-29 21:29:58 App is up to date.
2022-12-29 22:53:52 Checking for update using Github
2022-12-29 22:53:52 Success.
2022-12-29 22:53:52 Latest version is 1.1.9
2022-12-29 22:53:52 App is up to date.
2022-12-30 02:47:22 Checking for update using Github
2022-12-30 02:47:22 Success.
2022-12-30 02:47:22 Latest version is 1.1.9
2022-12-30 02:47:22 App is up to date.
2023-01-03 14:25:30 Loading main app package /usr/lib/obsidian/obsidian.asar
2023-01-03 14:25:30 Checking for update using Github
2023-01-03 14:25:31 Success.
2023-01-03 14:25:31 Latest version is 1.1.9
2023-01-03 14:25:31 App is up to date.
2023-01-03 14:30:17 Loading main app package /usr/lib/obsidian/obsidian.asar
2023-01-03 14:30:17 Checking for update using Github
2023-01-03 14:30:17 Success.
2023-01-03 14:30:17 Latest version is 1.1.9
2023-01-03 14:30:17 App is up to date.
2023-01-03 18:56:10 Loading main app package /usr/lib/obsidian/obsidian.asar
2023-01-03 18:56:10 Checking for update using Github
2023-01-03 18:56:10 Success.
2023-01-03 18:56:10 Latest version is 1.1.9
2023-01-03 18:56:10 App is up to date.
2023-01-04 16:20:27 Loading main app package /usr/lib/obsidian/obsidian.asar
2023-01-04 16:20:27 Checking for update using Github
2023-01-04 16:20:28 Success.
2023-01-04 16:20:28 Latest version is 1.1.9
2023-01-04 16:20:28 App is up to date.
2023-01-04 17:20:27 Checking for update using Github
2023-01-04 17:20:27 Success.
2023-01-04 17:20:27 Latest version is 1.1.9
2023-01-04 17:20:27 App is up to date.
2023-01-04 18:01:14 Loading main app package /usr/lib/obsidian/obsidian.asar
2023-01-04 18:01:15 Checking for update using Github
2023-01-04 18:01:15 Success.
2023-01-04 18:01:15 Latest version is 1.1.9
2023-01-04 18:01:15 App is up to date.
2023-01-05 18:07:29 Loading main app package /usr/lib/obsidian/obsidian.asar
2023-01-05 18:07:31 Checking for update using Github
2023-01-05 18:07:32 Success.
2023-01-05 18:07:32 Latest version is 1.1.9
2023-01-05 18:07:32 App is up to date.
2023-01-05 19:07:29 Checking for update using Github
2023-01-05 19:07:29 Success.
2023-01-05 19:07:29 Latest version is 1.1.9
2023-01-05 19:07:29 App is up to date.
2023-01-06 16:24:53 Loading main app package /usr/lib/obsidian/obsidian.asar
2023-01-06 16:24:54 Checking for update using Github
2023-01-06 16:24:54 Success.
2023-01-06 16:24:54 Latest version is 1.1.9
2023-01-06 16:24:54 App is up to date.
2023-01-06 17:58:02 Checking for update using Github
2023-01-06 17:58:02 Success.
2023-01-06 17:58:02 Latest version is 1.1.9
2023-01-06 17:58:02 App is up to date.
2023-01-09 13:31:13 Loading main app package /usr/lib/obsidian/obsidian.asar
2023-01-09 13:31:13 Checking for update using Github
2023-01-09 13:31:13 Success.
2023-01-09 13:31:13 Latest version is 1.1.9
2023-01-09 13:31:13 App is up to date.
2023-01-09 14:31:13 Checking for update using Github
2023-01-09 14:31:13 Success.
2023-01-09 14:31:13 Latest version is 1.1.9
2023-01-09 14:31:13 App is up to date.
2023-01-09 18:05:10 Loading main app package /usr/lib/obsidian/obsidian.asar
2023-01-09 18:05:11 Checking for update using Github
2023-01-09 18:05:11 Success.
2023-01-09 18:05:11 Latest version is 1.1.9
2023-01-09 18:05:11 App is up to date.
2023-01-09 19:06:30 Checking for update using Github
2023-01-09 19:06:30 Success.
2023-01-09 19:06:30 Latest version is 1.1.9
2023-01-09 19:06:30 App is up to date.
2023-01-10 12:18:57 Loading main app package /usr/lib/obsidian/obsidian.asar
2023-01-10 12:18:57 Checking for update using Github
2023-01-10 12:18:57 Success.
2023-01-10 12:18:57 Latest version is 1.1.9
2023-01-10 12:18:57 App is up to date.
2023-01-10 14:39:47 Loading main app package /usr/lib/obsidian/obsidian.asar
2023-01-10 14:39:47 Checking for update using Github
2023-01-10 14:39:48 Success.
2023-01-10 14:39:48 Latest version is 1.1.9
2023-01-10 14:39:48 App is up to date.
2023-01-10 14:42:51 Loading main app package /usr/lib/obsidian/obsidian.asar
2023-01-10 14:42:51 Checking for update using Github
2023-01-10 14:42:51 Success.
2023-01-10 14:42:51 Latest version is 1.1.9
2023-01-10 14:42:51 App is up to date.
2023-01-10 14:57:57 Loading main app package /usr/lib/obsidian/obsidian.asar
2023-01-10 14:57:57 Checking for update using Github
2023-01-10 14:57:57 Success.
2023-01-10 14:57:57 Latest version is 1.1.9
2023-01-10 14:57:57 App is up to date.
2023-01-10 15:57:57 Checking for update using Github
2023-01-10 15:57:57 Success.
2023-01-10 15:57:57 Latest version is 1.1.9
2023-01-10 15:57:57 App is up to date.
2023-01-11 13:48:33 Loading main app package /usr/lib/obsidian/obsidian.asar
2023-01-11 13:48:33 Checking for update using Github
2023-01-11 13:48:34 Success.
2023-01-11 13:48:34 Latest version is 1.1.9
2023-01-11 13:48:34 App is up to date.
2023-01-11 14:15:14 Loading main app package /usr/lib/obsidian/obsidian.asar
2023-01-11 14:15:15 Checking for update using Github
2023-01-11 14:15:16 Success.
2023-01-11 14:15:16 Latest version is 1.1.9
2023-01-11 14:15:16 App is up to date.
2023-01-11 15:43:38 Loading main app package /usr/lib/obsidian/obsidian.asar
2023-01-11 15:43:39 Checking for update using Github
2023-01-11 15:43:39 Success.
2023-01-11 15:43:39 Latest version is 1.1.9
2023-01-11 15:43:39 App is up to date.
2023-01-11 17:27:57 Loading main app package /usr/lib/obsidian/obsidian.asar
2023-01-11 17:27:58 Checking for update using Github
2023-01-11 17:27:58 Success.
2023-01-11 17:27:58 Latest version is 1.1.9
2023-01-11 17:27:58 App is up to date.
2023-01-11 18:49:38 Checking for update using Github
2023-01-11 18:49:38 Success.
2023-01-11 18:49:38 Latest version is 1.1.9
2023-01-11 18:49:38 App is up to date.
2023-01-12 03:32:16 Loading main app package /usr/lib/obsidian/obsidian.asar
2023-01-12 03:32:17 Checking for update using Github
2023-01-12 03:32:17 Failed to check for update using Github (net::ERR_NAME_NOT_RESOLVED)
2023-01-12 03:32:17 Checking for update using obsidian.md
2023-01-12 03:32:17 Failed to check for update using obsidian.md (net::ERR_NAME_NOT_RESOLVED)
2023-01-12 03:32:48 Loading main app package /usr/lib/obsidian/obsidian.asar
2023-01-12 03:32:48 Checking for update using Github
2023-01-12 03:32:48 Success.
2023-01-12 03:32:48 Latest version is 1.1.9
2023-01-12 03:32:48 App is up to date.
2023-01-12 03:35:41 Loading main app package /usr/lib/obsidian/obsidian.asar
2023-01-12 03:35:41 Checking for update using Github
2023-01-12 03:35:41 Success.
2023-01-12 03:35:41 Latest version is 1.1.9
2023-01-12 03:35:41 App is up to date.
2023-01-12 12:15:07 Loading main app package /usr/lib/obsidian/obsidian.asar
2023-01-12 12:15:07 Checking for update using Github
2023-01-12 12:15:08 Success.
2023-01-12 12:15:08 Latest version is 1.1.9
2023-01-12 12:15:08 App is up to date.
2023-01-12 15:02:14 Loading main app package /usr/lib/obsidian/obsidian.asar
2023-01-12 15:02:15 Checking for update using Github
2023-01-12 15:02:15 Success.
2023-01-12 15:02:15 Latest version is 1.1.9
2023-01-12 15:02:15 App is up to date.
2023-01-12 16:02:15 Checking for update using Github
2023-01-12 16:02:15 Success.
2023-01-12 16:02:15 Latest version is 1.1.9
2023-01-12 16:02:15 App is up to date.
2023-01-12 17:07:55 Checking for update using Github
2023-01-12 17:07:55 Success.
2023-01-12 17:07:55 Latest version is 1.1.9
2023-01-12 17:07:55 App is up to date.
2023-01-13 13:33:49 Loading main app package /usr/lib/obsidian/obsidian.asar
2023-01-13 13:33:50 Checking for update using Github
2023-01-13 13:33:50 Failed to check for update using Github (net::ERR_INTERNET_DISCONNECTED)
2023-01-13 13:33:50 Checking for update using obsidian.md
2023-01-13 13:33:50 Failed to check for update using obsidian.md (net::ERR_INTERNET_DISCONNECTED)
2023-01-13 13:34:49 Loading main app package /usr/lib/obsidian/obsidian.asar
2023-01-13 13:34:49 Checking for update using Github
2023-01-13 13:34:50 Success.
2023-01-13 13:34:50 Latest version is 1.1.9
2023-01-13 13:34:50 App is up to date.
2023-01-13 16:49:56 Loading main app package /usr/lib/obsidian/obsidian.asar
2023-01-13 16:49:57 Checking for update using Github
2023-01-13 16:49:57 Success.
2023-01-13 16:49:57 Latest version is 1.1.9
2023-01-13 16:49:57 App is up to date.
2023-01-13 17:49:58 Checking for update using Github
2023-01-13 17:49:58 Success.
2023-01-13 17:49:58 Latest version is 1.1.9
2023-01-13 17:49:58 App is up to date.
2023-01-13 18:57:00 Checking for update using Github
2023-01-13 18:57:00 Success.
2023-01-13 18:57:00 Latest version is 1.1.9
2023-01-13 18:57:00 App is up to date.
2023-01-16 16:50:55 Loading main app package /usr/lib/obsidian/obsidian.asar
2023-01-16 16:50:55 Checking for update using Github
2023-01-16 16:50:56 Success.
2023-01-16 16:50:56 Latest version is 1.1.9
2023-01-16 16:50:56 App is up to date.
2023-01-16 17:15:20 Loading main app package /usr/lib/obsidian/obsidian.asar
2023-01-16 17:15:20 Checking for update using Github
2023-01-16 17:15:21 Success.
2023-01-16 17:15:21 Latest version is 1.1.9
2023-01-16 17:15:21 App is up to date.
2023-01-16 18:15:20 Checking for update using Github
2023-01-16 18:15:22 Success.
2023-01-16 18:15:22 Latest version is 1.1.9
2023-01-16 18:15:22 App is up to date.
2023-01-16 18:47:49 Loading main app package /usr/lib/obsidian/obsidian.asar
2023-01-16 18:47:50 Checking for update using Github
2023-01-16 18:47:52 Success.
2023-01-16 18:47:52 Latest version is 1.1.9
2023-01-16 18:47:52 App is up to date.
2023-01-16 19:47:49 Checking for update using Github
2023-01-16 19:47:50 Success.
2023-01-16 19:47:50 Latest version is 1.1.9
2023-01-16 19:47:50 App is up to date.
2023-01-16 20:32:48 Loading main app package /usr/lib/obsidian/obsidian.asar
2023-01-16 20:32:48 Checking for update using Github
2023-01-16 20:32:55 Success.
2023-01-16 20:32:55 Latest version is 1.1.9
2023-01-16 20:32:55 App is up to date.
2023-01-17 14:59:35 Loading main app package /usr/lib/obsidian/obsidian.asar
2023-01-17 14:59:36 Checking for update using Github
2023-01-17 14:59:36 Success.
2023-01-17 14:59:36 Latest version is 1.1.9
2023-01-17 14:59:36 App is up to date.
2023-01-17 15:59:35 Checking for update using Github
2023-01-17 15:59:35 Success.
2023-01-17 15:59:35 Latest version is 1.1.9
2023-01-17 15:59:35 App is up to date.
2023-01-18 13:29:53 Loading main app package /usr/lib/obsidian/obsidian.asar
2023-01-18 13:29:54 Checking for update using Github
2023-01-18 13:29:54 Success.
2023-01-18 13:29:54 Latest version is 1.1.9
2023-01-18 13:29:54 App is up to date.
2023-01-19 03:05:36 Loading main app package /usr/lib/obsidian/obsidian.asar
2023-01-19 03:05:37 Checking for update using Github
2023-01-19 03:05:37 Success.
2023-01-19 03:05:37 Latest version is 1.1.9
2023-01-19 03:05:37 App is up to date.
2023-01-19 03:07:49 Loading main app package /usr/lib/obsidian/obsidian.asar
2023-01-19 03:07:50 Checking for update using Github
2023-01-19 03:07:50 Success.
2023-01-19 03:07:50 Latest version is 1.1.9
2023-01-19 03:07:50 App is up to date.
2023-01-19 04:07:49 Checking for update using Github
2023-01-19 04:07:49 Success.
2023-01-19 04:07:49 Latest version is 1.1.9
2023-01-19 04:07:49 App is up to date.
2023-01-19 05:07:49 Checking for update using Github
2023-01-19 05:07:50 Success.
2023-01-19 05:07:50 Latest version is 1.1.9
2023-01-19 05:07:50 App is up to date.
2023-01-19 06:07:50 Checking for update using Github
2023-01-19 06:07:50 Success.
2023-01-19 06:07:50 Latest version is 1.1.9
2023-01-19 06:07:50 App is up to date.
2023-01-19 07:07:50 Checking for update using Github
2023-01-19 07:07:50 Success.
2023-01-19 07:07:50 Latest version is 1.1.9
2023-01-19 07:07:50 App is up to date.
2023-01-19 08:07:50 Checking for update using Github
2023-01-19 08:07:50 Success.
2023-01-19 08:07:50 Latest version is 1.1.9
2023-01-19 08:07:50 App is up to date.
2023-01-19 09:07:50 Checking for update using Github
2023-01-19 09:07:50 Success.
2023-01-19 09:07:50 Latest version is 1.1.9
2023-01-19 09:07:50 App is up to date.
2023-01-19 10:07:50 Checking for update using Github
2023-01-19 10:07:50 Success.
2023-01-19 10:07:50 Latest version is 1.1.9
2023-01-19 10:07:50 App is up to date.
2023-01-19 12:10:31 Loading main app package /usr/lib/obsidian/obsidian.asar
2023-01-19 12:10:31 Checking for update using Github
2023-01-19 12:10:31 Success.
2023-01-19 12:10:31 Latest version is 1.1.9
2023-01-19 12:10:31 App is up to date.
2023-01-19 13:10:31 Checking for update using Github
2023-01-19 13:10:31 Success.
2023-01-19 13:10:31 Latest version is 1.1.9
2023-01-19 13:10:31 App is up to date.
2023-01-19 14:22:53 Checking for update using Github
2023-01-19 14:22:53 Success.
2023-01-19 14:22:53 Latest version is 1.1.9
2023-01-19 14:22:53 App is up to date.
2023-01-19 16:49:03 Loading main app package /usr/lib/obsidian/obsidian.asar
2023-01-19 16:49:04 Checking for update using Github
2023-01-19 16:49:04 Success.
2023-01-19 16:49:04 Latest version is 1.1.9
2023-01-19 16:49:04 App is up to date.
2023-01-19 23:43:35 Loading main app package /usr/lib/obsidian/obsidian.asar
2023-01-19 23:43:35 Checking for update using Github
2023-01-19 23:43:35 Success.
2023-01-19 23:43:35 Latest version is 1.1.9
2023-01-19 23:43:35 App is up to date.
2023-01-20 00:43:35 Checking for update using Github
2023-01-20 00:43:35 Success.
2023-01-20 00:43:35 Latest version is 1.1.9
2023-01-20 00:43:35 App is up to date.
2023-01-20 02:35:57 Loading main app package /usr/lib/obsidian/obsidian.asar
2023-01-20 02:35:57 Checking for update using Github
2023-01-20 02:35:58 Success.
2023-01-20 02:35:58 Latest version is 1.1.9
2023-01-20 02:35:58 App is up to date.
2023-01-20 13:16:28 Loading main app package /usr/lib/obsidian/obsidian.asar
2023-01-20 13:16:29 Checking for update using Github
2023-01-20 13:16:29 Success.
2023-01-20 13:16:29 Latest version is 1.1.9
2023-01-20 13:16:29 App is up to date.
2023-01-20 15:58:37 Loading main app package /usr/lib/obsidian/obsidian.asar
2023-01-20 15:58:37 Checking for update using Github
2023-01-20 15:58:37 Success.
2023-01-20 15:58:37 Latest version is 1.1.9
2023-01-20 15:58:37 App is up to date.
2023-01-20 17:20:17 Loading main app package /usr/lib/obsidian/obsidian.asar
2023-01-20 17:20:18 Checking for update using Github
2023-01-20 17:20:18 Success.
2023-01-20 17:20:18 Latest version is 1.1.9
2023-01-20 17:20:18 App is up to date.
2023-01-20 18:04:10 Loading main app package /usr/lib/obsidian/obsidian.asar
2023-01-20 18:04:11 Checking for update using Github
2023-01-20 18:04:11 Success.
2023-01-20 18:04:11 Latest version is 1.1.9
2023-01-20 18:04:11 App is up to date.
2023-01-20 19:04:11 Checking for update using Github
2023-01-20 19:04:11 Success.
2023-01-20 19:04:11 Latest version is 1.1.9
2023-01-20 19:04:11 App is up to date.
2023-01-21 16:41:22 Loading main app package /usr/lib/obsidian/obsidian.asar
2023-01-21 16:41:23 Checking for update using Github
2023-01-21 16:41:23 Success.
2023-01-21 16:41:23 Latest version is 1.1.9
2023-01-21 16:41:23 App is up to date.
2023-01-21 17:41:22 Checking for update using Github
2023-01-21 17:41:23 Success.
2023-01-21 17:41:23 Latest version is 1.1.9
2023-01-21 17:41:23 App is up to date.
2023-01-21 19:58:40 Loading main app package /usr/lib/obsidian/obsidian.asar
2023-01-21 19:58:40 Checking for update using Github
2023-01-21 19:58:41 Success.
2023-01-21 19:58:41 Latest version is 1.1.9
2023-01-21 19:58:41 App is up to date.
2023-01-21 20:32:55 Loading main app package /usr/lib/obsidian/obsidian.asar
2023-01-21 20:32:55 Checking for update using Github
2023-01-21 20:58:40 Checking for update using Github
2023-01-21 20:58:40 Success.
2023-01-21 20:58:40 Latest version is 1.1.9
2023-01-21 20:58:40 App is up to date.
2023-01-21 21:01:03 Loading main app package /usr/lib/obsidian/obsidian.asar
2023-01-21 21:01:04 Checking for update using Github
2023-01-21 21:01:04 Success.
2023-01-21 21:01:04 Latest version is 1.1.9
2023-01-21 21:01:04 App is up to date.
2023-02-01 16:32:06 Loading main app package /usr/lib/obsidian/obsidian.asar
2023-02-01 16:32:07 Checking for update using Github
2023-02-01 16:32:07 Success.
2023-02-01 16:32:07 Latest version is 1.1.9
2023-02-01 16:32:07 App is up to date.
2023-02-01 17:32:07 Checking for update using Github
2023-02-01 17:32:07 Success.
2023-02-01 17:32:07 Latest version is 1.1.9
2023-02-01 17:32:07 App is up to date.
2023-02-02 17:40:13 Loading main app package /usr/lib/obsidian/obsidian.asar
2023-02-02 17:40:13 Checking for update using Github
2023-02-02 17:40:13 Success.
2023-02-02 17:40:13 Latest version is 1.1.9
2023-02-02 17:40:13 App is up to date.
2023-02-02 18:44:34 Checking for update using Github
2023-02-02 18:44:34 Success.
2023-02-02 18:44:34 Latest version is 1.1.9
2023-02-02 18:44:34 App is up to date.
2023-02-03 14:42:55 Loading main app package /usr/lib/obsidian/obsidian.asar
2023-02-03 14:42:55 Checking for update using Github
2023-02-03 14:42:56 Success.
2023-02-03 14:42:56 Latest version is 1.1.9
2023-02-03 14:42:56 App is up to date.
2023-02-03 15:50:33 Checking for update using Github
2023-02-03 15:50:33 Success.
2023-02-03 15:50:33 Latest version is 1.1.9
2023-02-03 15:50:33 App is up to date.
2023-02-03 17:01:52 Checking for update using Github
2023-02-03 17:01:52 Success.
2023-02-03 17:01:52 Latest version is 1.1.9
2023-02-03 17:01:52 App is up to date.
2023-02-05 19:13:44 Checking for update using Github
2023-02-05 19:13:44 Success.
2023-02-05 19:13:44 Latest version is 1.1.9
2023-02-05 19:13:44 App is up to date.
2023-02-05 20:43:34 Loading main app package /usr/lib/obsidian/obsidian.asar
2023-02-05 20:43:34 Checking for update using Github
2023-02-05 20:43:35 Success.
2023-02-05 20:43:35 Latest version is 1.1.9
2023-02-05 20:43:35 App is up to date.
2023-02-06 14:17:47 Loading main app package /usr/lib/obsidian/obsidian.asar
2023-02-06 14:17:48 Checking for update using Github
2023-02-06 14:17:48 Success.
2023-02-06 14:17:48 Latest version is 1.1.9
2023-02-06 14:17:48 App is up to date.
2023-02-06 15:31:13 Loading main app package /usr/lib/obsidian/obsidian.asar
2023-02-06 15:31:13 Checking for update using Github
2023-02-06 15:31:13 Success.
2023-02-06 15:31:13 Latest version is 1.1.9
2023-02-06 15:31:13 App is up to date.
2023-02-06 17:59:22 Loading main app package /usr/lib/obsidian/obsidian.asar
2023-02-06 17:59:22 Checking for update using Github
2023-02-06 17:59:23 Success.
2023-02-06 17:59:23 Latest version is 1.1.9
2023-02-06 17:59:23 App is up to date.
2023-02-06 18:59:23 Checking for update using Github
2023-02-06 18:59:23 Success.
2023-02-06 18:59:23 Latest version is 1.1.9
2023-02-06 18:59:23 App is up to date.
2023-02-06 22:44:04 Loading main app package /usr/lib/obsidian/obsidian.asar
2023-02-06 22:44:04 Checking for update using Github
2023-02-06 22:44:05 Success.
2023-02-06 22:44:05 Latest version is 1.1.9
2023-02-06 22:44:05 App is up to date.
2023-02-07 14:29:30 Loading main app package /usr/lib/obsidian/obsidian.asar
2023-02-07 14:29:30 Checking for update using Github
2023-02-07 14:29:30 Success.
2023-02-07 14:29:30 Latest version is 1.1.9
2023-02-07 14:29:30 App is up to date.
2023-02-07 15:03:17 Loading main app package /usr/lib/obsidian/obsidian.asar
2023-02-07 15:03:17 Checking for update using Github
2023-02-07 15:03:17 Success.
2023-02-07 15:03:17 Latest version is 1.1.9
2023-02-07 15:03:17 App is up to date.
2023-02-07 16:03:17 Checking for update using Github
2023-02-07 16:03:17 Success.
2023-02-07 16:03:17 Latest version is 1.1.9
2023-02-07 16:03:17 App is up to date.
2023-02-07 16:49:48 Loading main app package /usr/lib/obsidian/obsidian.asar
2023-02-07 16:49:49 Checking for update using Github
2023-02-07 16:49:49 Success.
2023-02-07 16:49:49 Latest version is 1.1.9
2023-02-07 16:49:49 App is up to date.
2023-02-08 13:27:59 Loading main app package /usr/lib/obsidian/obsidian.asar
2023-02-08 13:27:59 Checking for update using Github
2023-02-08 13:28:00 Success.
2023-02-08 13:28:00 Latest version is 1.1.9
2023-02-08 13:28:00 App is up to date.
2023-02-08 14:28:00 Checking for update using Github
2023-02-08 14:28:00 Success.
2023-02-08 14:28:00 Latest version is 1.1.9
2023-02-08 14:28:00 App is up to date.
2023-02-08 20:41:45 Loading main app package /usr/lib/obsidian/obsidian.asar
2023-02-08 20:41:45 Checking for update using Github
2023-02-08 20:41:45 Success.
2023-02-08 20:41:45 Latest version is 1.1.9
2023-02-08 20:41:45 App is up to date.
2023-02-08 21:41:45 Checking for update using Github
2023-02-08 21:41:45 Success.
2023-02-08 21:41:45 Latest version is 1.1.9
2023-02-08 21:41:45 App is up to date.
2023-02-08 22:41:45 Checking for update using Github
2023-02-08 22:41:45 Success.
2023-02-08 22:41:45 Latest version is 1.1.9
2023-02-08 22:41:45 App is up to date.
2023-02-08 23:41:45 Checking for update using Github
2023-02-08 23:41:45 Success.
2023-02-08 23:41:45 Latest version is 1.1.9
2023-02-08 23:41:45 App is up to date.
2023-02-09 00:41:45 Checking for update using Github
2023-02-09 00:41:45 Success.
2023-02-09 00:41:45 Latest version is 1.1.9
2023-02-09 00:41:45 App is up to date.
2023-02-09 01:41:45 Checking for update using Github
2023-02-09 01:41:45 Success.
2023-02-09 01:41:45 Latest version is 1.1.9
2023-02-09 01:41:45 App is up to date.
2023-02-09 02:41:45 Checking for update using Github
2023-02-09 02:41:45 Success.
2023-02-09 02:41:45 Latest version is 1.1.9
2023-02-09 02:41:45 App is up to date.
2023-02-09 12:17:30 Loading main app package /usr/lib/obsidian/obsidian.asar
2023-02-09 12:17:31 Checking for update using Github
2023-02-09 12:17:31 Success.
2023-02-09 12:17:31 Latest version is 1.1.9
2023-02-09 12:17:31 App is up to date.
2023-02-09 14:54:17 Loading main app package /usr/lib/obsidian/obsidian.asar
2023-02-09 14:54:17 Checking for update using Github
2023-02-09 14:54:17 Success.
2023-02-09 14:54:17 Latest version is 1.1.9
2023-02-09 14:54:17 App is up to date.
2023-02-09 15:54:17 Checking for update using Github
2023-02-09 15:54:17 Success.
2023-02-09 15:54:17 Latest version is 1.1.9
2023-02-09 15:54:17 App is up to date.
2023-02-09 17:11:18 Checking for update using Github
2023-02-09 17:11:18 Success.
2023-02-09 17:11:18 Latest version is 1.1.9
2023-02-09 17:11:18 App is up to date.
2023-02-10 14:19:30 Loading main app package /usr/lib/obsidian/obsidian.asar
2023-02-10 14:19:30 Checking for update using Github
2023-02-10 14:19:31 Success.
2023-02-10 14:19:31 Latest version is 1.1.9
2023-02-10 14:19:31 App is up to date.
2023-02-10 16:47:07 Loading main app package /usr/lib/obsidian/obsidian.asar
2023-02-10 16:47:07 Checking for update using Github
2023-02-10 16:47:08 Success.
2023-02-10 16:47:08 Latest version is 1.1.9
2023-02-10 16:47:08 App is up to date.
2023-02-10 17:47:07 Checking for update using Github
2023-02-10 17:47:07 Success.
2023-02-10 17:47:07 Latest version is 1.1.9
2023-02-10 17:47:07 App is up to date.
2023-02-10 18:50:50 Checking for update using Github
2023-02-10 18:50:51 Success.
2023-02-10 18:50:51 Latest version is 1.1.9
2023-02-10 18:50:51 App is up to date.
2023-02-10 22:16:37 Checking for update using Github
2023-02-10 22:16:37 Failed to check for update using Github (net::ERR_INTERNET_DISCONNECTED)
2023-02-10 22:16:37 Checking for update using obsidian.md
2023-02-10 22:16:37 Failed to check for update using obsidian.md (net::ERR_INTERNET_DISCONNECTED)
2023-02-13 12:19:56 Loading main app package /usr/lib/obsidian/obsidian.asar
2023-02-13 12:19:57 Checking for update using Github
2023-02-13 12:19:57 Success.
2023-02-13 12:19:57 Latest version is 1.1.9
2023-02-13 12:19:57 App is up to date.
2023-02-13 14:56:44 Loading main app package /usr/lib/obsidian/obsidian.asar
2023-02-13 14:56:44 Checking for update using Github
2023-02-13 14:56:44 Success.
2023-02-13 14:56:44 Latest version is 1.1.9
2023-02-13 14:56:44 App is up to date.
2023-02-13 15:56:44 Checking for update using Github
2023-02-13 15:56:44 Success.
2023-02-13 15:56:44 Latest version is 1.1.9
2023-02-13 15:56:44 App is up to date.
2023-02-13 18:01:28 Loading main app package /usr/lib/obsidian/obsidian.asar
2023-02-13 18:01:28 Checking for update using Github
2023-02-13 18:01:28 Failed to check for update using Github (net::ERR_INTERNET_DISCONNECTED)
2023-02-13 18:01:28 Checking for update using obsidian.md
2023-02-13 18:01:28 Failed to check for update using obsidian.md (net::ERR_INTERNET_DISCONNECTED)
2023-02-13 21:11:46 Checking for update using Github
2023-02-13 21:11:47 Success.
2023-02-13 21:11:47 Latest version is 1.1.9
2023-02-13 21:11:47 App is up to date.
2023-02-14 02:18:57 Loading main app package /usr/lib/obsidian/obsidian.asar
2023-02-14 02:18:58 Checking for update using Github
2023-02-14 02:18:58 Success.
2023-02-14 02:18:58 Latest version is 1.1.9
2023-02-14 02:18:58 App is up to date.
2023-02-14 03:11:38 Loading main app package /usr/lib/obsidian/obsidian.asar
2023-02-14 03:11:38 Checking for update using Github
2023-02-14 03:11:38 Success.
2023-02-14 03:11:38 Latest version is 1.1.9
2023-02-14 03:11:38 App is up to date.
2023-02-14 13:10:47 Loading main app package /usr/lib/obsidian/obsidian.asar
2023-02-14 13:10:47 Checking for update using Github
2023-02-14 13:10:47 Success.
2023-02-14 13:10:47 Latest version is 1.1.9
2023-02-14 13:10:47 App is up to date.
2023-02-14 14:13:03 Checking for update using Github
2023-02-14 14:13:03 Success.
2023-02-14 14:13:03 Latest version is 1.1.9
2023-02-14 14:13:03 App is up to date.
2023-02-14 15:48:05 Checking for update using Github
2023-02-14 15:48:05 Success.
2023-02-14 15:48:05 Latest version is 1.1.9
2023-02-14 15:48:05 App is up to date.
2023-02-14 17:14:02 Checking for update using Github
2023-02-14 17:14:02 Success.
2023-02-14 17:14:02 Latest version is 1.1.9
2023-02-14 17:14:02 App is up to date.
2023-02-14 18:22:39 Checking for update using Github
2023-02-14 18:22:39 Success.
2023-02-14 18:22:39 Latest version is 1.1.9
2023-02-14 18:22:39 App is up to date.
2023-02-15 04:37:06 Checking for update using Github
2023-02-15 04:37:06 Success.
2023-02-15 04:37:06 Latest version is 1.1.9
2023-02-15 04:37:06 App is up to date.
2023-02-15 12:21:07 Loading main app package /usr/lib/obsidian/obsidian.asar
2023-02-15 12:21:08 Checking for update using Github
2023-02-15 12:21:08 Success.
2023-02-15 12:21:08 Latest version is 1.1.9
2023-02-15 12:21:08 App is up to date.
2023-02-15 14:28:25 Checking for update using Github
2023-02-15 14:28:26 Success.
2023-02-15 14:28:26 Latest version is 1.1.9
2023-02-15 14:28:26 App is up to date.
2023-02-15 17:49:07 Checking for update using Github
2023-02-15 17:49:07 Success.
2023-02-15 17:49:07 Latest version is 1.1.9
2023-02-15 17:49:07 App is up to date.
2023-02-16 00:40:46 Checking for update using Github
2023-02-16 00:40:46 Success.
2023-02-16 00:40:46 Latest version is 1.1.9
2023-02-16 00:40:46 App is up to date.
2023-02-17 13:45:38 Loading main app package /usr/lib/obsidian/obsidian.asar
2023-02-17 13:45:38 Checking for update using Github
2023-02-17 13:45:38 Success.
2023-02-17 13:45:38 Latest version is 1.1.9
2023-02-17 13:45:38 App is up to date.
2023-02-17 16:53:52 Loading main app package /usr/lib/obsidian/obsidian.asar
2023-02-17 16:53:52 Checking for update using Github
2023-02-17 16:53:53 Success.
2023-02-17 16:53:53 Latest version is 1.1.9
2023-02-17 16:53:53 App is up to date.
2023-02-17 23:06:18 Checking for update using Github
2023-02-17 23:06:18 Success.
2023-02-17 23:06:18 Latest version is 1.1.9
2023-02-17 23:06:18 App is up to date.
2023-02-20 16:24:07 Loading main app package /usr/lib/obsidian/obsidian.asar
2023-02-20 16:24:07 Checking for update using Github
2023-02-20 16:24:08 Success.
2023-02-20 16:24:08 Latest version is 1.1.9
2023-02-20 16:24:08 App is up to date.
2023-02-20 21:45:57 Checking for update using Github
2023-02-20 21:45:57 Success.
2023-02-20 21:45:57 Latest version is 1.1.9
2023-02-20 21:45:57 App is up to date.
2023-02-20 22:45:57 Checking for update using Github
2023-02-20 22:45:57 Success.
2023-02-20 22:45:57 Latest version is 1.1.9
2023-02-20 22:45:57 App is up to date.
2023-02-20 23:45:57 Checking for update using Github
2023-02-20 23:45:57 Success.
2023-02-20 23:45:57 Latest version is 1.1.9
2023-02-20 23:45:57 App is up to date.
2023-02-21 00:45:57 Checking for update using Github
2023-02-21 00:45:57 Success.
2023-02-21 00:45:57 Latest version is 1.1.9
2023-02-21 00:45:57 App is up to date.
2023-02-21 01:45:57 Checking for update using Github
2023-02-21 01:45:57 Success.
2023-02-21 01:45:57 Latest version is 1.1.9
2023-02-21 01:45:57 App is up to date.
2023-02-21 02:45:57 Checking for update using Github
2023-02-21 02:45:57 Success.
2023-02-21 02:45:57 Latest version is 1.1.9
2023-02-21 02:45:57 App is up to date.
2023-02-21 03:45:57 Checking for update using Github
2023-02-21 03:45:57 Success.
2023-02-21 03:45:57 Latest version is 1.1.9
2023-02-21 03:45:57 App is up to date.
2023-02-21 13:08:47 Checking for update using Github
2023-02-21 13:08:47 Success.
2023-02-21 13:08:47 Latest version is 1.1.9
2023-02-21 13:08:47 App is up to date.
2023-02-21 14:25:11 Checking for update using Github
2023-02-21 14:25:11 Success.
2023-02-21 14:25:11 Latest version is 1.1.9
2023-02-21 14:25:11 App is up to date.
2023-02-21 16:32:12 Checking for update using Github
2023-02-21 16:32:12 Success.
2023-02-21 16:32:12 Latest version is 1.1.9
2023-02-21 16:32:12 App is up to date.
2023-02-21 17:39:55 Checking for update using Github
2023-02-21 17:39:56 Success.
2023-02-21 17:39:56 Latest version is 1.1.9
2023-02-21 17:39:56 App is up to date.
2023-02-22 13:12:43 Checking for update using Github
2023-02-22 13:12:43 Success.
2023-02-22 13:12:43 Latest version is 1.1.9
2023-02-22 13:12:43 App is up to date.
2023-02-22 14:27:58 Checking for update using Github
2023-02-22 14:27:58 Success.
2023-02-22 14:27:58 Latest version is 1.1.9
2023-02-22 14:27:58 App is up to date.
2023-02-22 15:31:22 Checking for update using Github
2023-02-22 15:31:23 Success.
2023-02-22 15:31:23 Latest version is 1.1.9
2023-02-22 15:31:23 App is up to date.
2023-02-22 18:09:01 Checking for update using Github
2023-02-22 18:09:01 Success.
2023-02-22 18:09:01 Latest version is 1.1.15
2023-02-22 18:09:01 Downloading update from https://github.com/obsidianmd/obsidian-releases/releases/download/v1.1.15/obsidian-1.1.15.asar.gz
2023-02-22 18:09:02 Verifying hash & signature. Size= 5765357
2023-02-22 18:09:02 Saving file
2023-02-22 18:09:02 Update complete.
2023-02-22 19:09:02 Checking for update using Github
2023-02-22 19:09:02 Success.
2023-02-22 19:09:02 Latest version is 1.1.15
2023-02-22 19:09:02 An update is already downloaded.
2023-02-23 12:18:02 Loading updated app package /home/jhelmer/.config/obsidian/obsidian-1.1.15.asar
2023-02-23 12:18:03 Checking for update using Github
2023-02-23 12:18:03 Success.
2023-02-23 12:18:03 Latest version is 1.1.15
2023-02-23 12:18:03 App is up to date.
2023-02-23 12:18:58 Loading updated app package /home/jhelmer/.config/obsidian/obsidian-1.1.15.asar
2023-02-23 12:18:59 Checking for update using Github
2023-02-23 12:18:59 Success.
2023-02-23 12:18:59 Latest version is 1.1.15
2023-02-23 12:18:59 App is up to date.
2023-02-23 13:18:58 Checking for update using Github
2023-02-23 13:18:58 Success.
2023-02-23 13:18:58 Latest version is 1.1.15
2023-02-23 13:18:58 App is up to date.
2023-02-23 14:37:54 Checking for update using Github
2023-02-23 14:37:54 Success.
2023-02-23 14:37:54 Latest version is 1.1.15
2023-02-23 14:37:54 App is up to date.
2023-02-23 15:43:42 Checking for update using Github
2023-02-23 15:43:42 Success.
2023-02-23 15:43:42 Latest version is 1.1.15
2023-02-23 15:43:42 App is up to date.
2023-02-24 13:41:15 Loading main app package /usr/lib/obsidian/obsidian.asar
2023-02-24 13:41:15 Checking for update using Github
2023-02-24 13:41:16 Success.
2023-02-24 13:41:16 Latest version is 1.1.15
2023-02-24 13:41:16 App is up to date.
2023-02-24 16:50:49 Loading main app package /usr/lib/obsidian/obsidian.asar
2023-02-24 16:50:49 Checking for update using Github
2023-02-24 16:50:50 Success.
2023-02-24 16:50:50 Latest version is 1.1.15
2023-02-24 16:50:50 App is up to date.
2023-02-24 17:50:49 Checking for update using Github
2023-02-24 17:50:49 Success.
2023-02-24 17:50:49 Latest version is 1.1.15
2023-02-24 17:50:49 App is up to date.
2023-02-26 23:35:37 Loading main app package /usr/lib/obsidian/obsidian.asar
2023-02-26 23:35:38 Checking for update using Github
2023-02-26 23:35:38 Success.
2023-02-26 23:35:38 Latest version is 1.1.15
2023-02-26 23:35:38 App is up to date.
2023-02-27 00:35:37 Checking for update using Github
2023-02-27 00:35:37 Success.
2023-02-27 00:35:37 Latest version is 1.1.15
2023-02-27 00:35:37 App is up to date.
2023-02-27 01:35:37 Checking for update using Github
2023-02-27 01:35:38 Success.
2023-02-27 01:35:38 Latest version is 1.1.15
2023-02-27 01:35:38 App is up to date.
2023-02-27 02:35:38 Checking for update using Github
2023-02-27 02:35:38 Success.
2023-02-27 02:35:38 Latest version is 1.1.15
2023-02-27 02:35:38 App is up to date.
2023-02-27 12:07:21 Loading main app package /usr/lib/obsidian/obsidian.asar
2023-02-27 12:07:22 Checking for update using Github
2023-02-27 12:07:23 Success.
2023-02-27 12:07:23 Latest version is 1.1.15
2023-02-27 12:07:23 App is up to date.
2023-02-27 13:07:21 Checking for update using Github
2023-02-27 13:07:21 Success.
2023-02-27 13:07:21 Latest version is 1.1.15
2023-02-27 13:07:21 App is up to date.
2023-02-27 14:30:09 Checking for update using Github
2023-02-27 14:30:09 Success.
2023-02-27 14:30:09 Latest version is 1.1.15
2023-02-27 14:30:09 App is up to date.
2023-02-27 15:33:05 Checking for update using Github
2023-02-27 15:33:06 Success.
2023-02-27 15:33:06 Latest version is 1.1.15
2023-02-27 15:33:06 App is up to date.
2023-02-27 20:25:07 Checking for update using Github
2023-03-01 16:03:49 Loading main app package /usr/lib/obsidian/obsidian.asar
2023-03-01 16:03:49 Checking for update using Github
2023-03-01 16:03:49 Failed to check for update using Github (net::ERR_INTERNET_DISCONNECTED)
2023-03-01 16:03:49 Checking for update using obsidian.md
2023-03-01 16:03:49 Failed to check for update using obsidian.md (net::ERR_INTERNET_DISCONNECTED)
2023-03-02 13:36:26 Loading main app package /usr/lib/obsidian/obsidian.asar
2023-03-02 13:36:26 Checking for update using Github
2023-03-02 13:36:27 Success.
2023-03-02 13:36:27 Latest version is 1.1.16
2023-03-02 13:36:27 Downloading update from https://github.com/obsidianmd/obsidian-releases/releases/download/v1.1.16/obsidian-1.1.16.asar.gz
2023-03-02 13:36:28 Verifying hash & signature. Size= 5766915
2023-03-02 13:36:28 Saving file
2023-03-02 13:36:28 Update complete.
2023-03-02 14:36:26 Checking for update using Github
2023-03-02 14:36:26 Success.
2023-03-02 14:36:26 Latest version is 1.1.16
2023-03-02 14:36:26 An update is already downloaded.
2023-03-02 18:47:25 Checking for update using Github
2023-03-02 18:47:25 Success.
2023-03-02 18:47:25 Latest version is 1.1.16
2023-03-02 18:47:25 An update is already downloaded.
2023-03-03 03:48:19 Checking for update using Github
2023-03-03 03:48:19 Success.
2023-03-03 03:48:19 Latest version is 1.1.16
2023-03-03 03:48:19 An update is already downloaded.
2023-03-03 12:10:50 Loading updated app package /home/jhelmer/.config/obsidian/obsidian-1.1.16.asar
2023-03-03 12:10:50 Checking for update using Github
2023-03-03 12:10:51 Success.
2023-03-03 12:10:51 Latest version is 1.1.16
2023-03-03 12:10:51 App is up to date.
2023-03-03 13:10:50 Checking for update using Github
2023-03-03 13:10:50 Success.
2023-03-03 13:10:50 Latest version is 1.1.16
2023-03-03 13:10:50 App is up to date.
2023-03-03 14:26:21 Checking for update using Github
2023-03-03 14:26:21 Success.
2023-03-03 14:26:21 Latest version is 1.1.16
2023-03-03 14:26:21 App is up to date.
2023-03-03 15:30:15 Checking for update using Github
2023-03-03 15:30:15 Success.
2023-03-03 15:30:15 Latest version is 1.1.16
2023-03-03 15:30:15 App is up to date.
2023-03-03 17:14:20 Checking for update using Github
2023-03-03 17:14:20 Success.
2023-03-03 17:14:20 Latest version is 1.1.16
2023-03-03 17:14:20 App is up to date.
2023-03-04 02:36:39 Checking for update using Github
2023-03-04 02:36:39 Success.
2023-03-04 02:36:39 Latest version is 1.1.16
2023-03-04 02:36:39 App is up to date.
2023-03-05 22:05:47 Loading updated app package /home/jhelmer/.config/obsidian/obsidian-1.1.16.asar
2023-03-05 22:05:47 Checking for update using Github
2023-03-05 22:05:48 Success.
2023-03-05 22:05:48 Latest version is 1.1.16
2023-03-05 22:05:48 App is up to date.
2023-03-05 23:05:47 Checking for update using Github
2023-03-05 23:05:47 Success.
2023-03-05 23:05:47 Latest version is 1.1.16
2023-03-05 23:05:47 App is up to date.
2023-03-06 01:15:46 Checking for update using Github
2023-03-06 01:15:46 Success.
2023-03-06 01:15:46 Latest version is 1.1.16
2023-03-06 01:15:46 App is up to date.
2023-03-06 12:11:25 Loading main app package /usr/lib/obsidian/obsidian.asar
2023-03-06 12:11:26 Checking for update using Github
2023-03-06 12:11:26 Success.
2023-03-06 12:11:26 Latest version is 1.1.16
2023-03-06 12:11:26 App is up to date.
2023-03-06 12:28:21 Loading main app package /usr/lib/obsidian/obsidian.asar
2023-03-06 12:28:22 Checking for update using Github
2023-03-06 12:28:22 Success.
2023-03-06 12:28:22 Latest version is 1.1.16
2023-03-06 12:28:22 App is up to date.
2023-03-06 13:31:48 Checking for update using Github
2023-03-06 13:31:48 Success.
2023-03-06 13:31:48 Latest version is 1.1.16
2023-03-06 13:31:48 App is up to date.
2023-03-06 14:31:49 Checking for update using Github
2023-03-06 14:31:49 Success.
2023-03-06 14:31:49 Latest version is 1.1.16
2023-03-06 14:31:49 App is up to date.
2023-03-07 12:12:33 Loading main app package /usr/lib/obsidian/obsidian.asar
2023-03-07 12:12:33 Checking for update using Github
2023-03-07 12:12:34 Success.
2023-03-07 12:12:34 Latest version is 1.1.16
2023-03-07 12:12:34 App is up to date.
2023-03-07 13:12:33 Checking for update using Github
2023-03-07 13:12:33 Success.
2023-03-07 13:12:33 Latest version is 1.1.16
2023-03-07 13:12:33 App is up to date.
2023-03-07 15:41:01 Checking for update using Github
2023-03-07 15:41:01 Success.
2023-03-07 15:41:01 Latest version is 1.1.16
2023-03-07 15:41:01 App is up to date.
2023-03-07 19:08:00 Checking for update using Github
2023-03-07 19:08:00 Success.
2023-03-07 19:08:00 Latest version is 1.1.16
2023-03-07 19:08:00 App is up to date.
2023-03-08 03:23:39 Checking for update using Github
2023-03-08 12:10:59 Loading main app package /usr/lib/obsidian/obsidian.asar
2023-03-08 12:11:00 Checking for update using Github
2023-03-08 12:11:00 Success.
2023-03-08 12:11:00 Latest version is 1.1.16
2023-03-08 12:11:00 App is up to date.
2023-03-08 13:10:59 Checking for update using Github
2023-03-08 13:10:59 Success.
2023-03-08 13:10:59 Latest version is 1.1.16
2023-03-08 13:10:59 App is up to date.
2023-03-08 13:50:40 Loading main app package /usr/lib/obsidian/obsidian.asar
2023-03-08 13:50:41 Checking for update using Github
2023-03-08 13:50:42 Success.
2023-03-08 13:50:42 Latest version is 1.1.16
2023-03-08 13:50:42 App is up to date.
2023-03-09 12:10:39 Loading main app package /usr/lib/obsidian/obsidian.asar
2023-03-09 12:10:40 Checking for update using Github
2023-03-09 12:10:40 Success.
2023-03-09 12:10:40 Latest version is 1.1.16
2023-03-09 12:10:40 App is up to date.
2023-03-09 13:53:45 Checking for update using Github
2023-03-09 13:53:45 Success.
2023-03-09 13:53:45 Latest version is 1.1.16
2023-03-09 13:53:45 App is up to date.
2023-03-09 15:18:06 Checking for update using Github
2023-03-09 15:18:06 Success.
2023-03-09 15:18:06 Latest version is 1.1.16
2023-03-09 15:18:06 App is up to date.
2023-03-09 22:47:14 Checking for update using Github
2023-03-09 22:47:14 Success.
2023-03-09 22:47:14 Latest version is 1.1.16
2023-03-09 22:47:14 App is up to date.
2023-03-10 03:12:15 Checking for update using Github
2023-03-10 03:12:15 Success.
2023-03-10 03:12:15 Latest version is 1.1.16
2023-03-10 03:12:15 App is up to date.
2023-03-10 12:08:17 Loading main app package /usr/lib/obsidian/obsidian.asar
2023-03-10 12:08:18 Checking for update using Github
2023-03-10 12:08:19 Success.
2023-03-10 12:08:19 Latest version is 1.1.16
2023-03-10 12:08:19 App is up to date.
2023-03-10 13:08:18 Checking for update using Github
2023-03-10 13:08:18 Success.
2023-03-10 13:08:18 Latest version is 1.1.16
2023-03-10 13:08:18 App is up to date.
2023-03-10 14:15:12 Checking for update using Github
2023-03-10 14:15:12 Success.
2023-03-10 14:15:12 Latest version is 1.1.16
2023-03-10 14:15:12 App is up to date.
2023-03-10 15:28:02 Checking for update using Github
2023-03-10 15:28:02 Success.
2023-03-10 15:28:02 Latest version is 1.1.16
2023-03-10 15:28:02 App is up to date.
2023-03-10 17:08:55 Checking for update using Github
2023-03-10 17:08:55 Success.
2023-03-10 17:08:55 Latest version is 1.1.16
2023-03-10 17:08:55 App is up to date.
2023-03-10 18:57:03 Checking for update using Github
2023-03-10 18:57:03 Success.
2023-03-10 18:57:03 Latest version is 1.1.16
2023-03-10 18:57:03 App is up to date.
2023-03-10 21:01:11 Checking for update using Github
2023-03-10 21:01:11 Success.
2023-03-10 21:01:11 Latest version is 1.1.16
2023-03-10 21:01:11 App is up to date.
2023-03-10 22:01:11 Checking for update using Github
2023-03-10 22:01:11 Success.
2023-03-10 22:01:11 Latest version is 1.1.16
2023-03-10 22:01:11 App is up to date.
2023-03-11 18:50:10 Checking for update using Github
2023-03-11 18:50:10 Success.
2023-03-11 18:50:10 Latest version is 1.1.16
2023-03-11 18:50:10 App is up to date.
2023-03-11 19:50:10 Checking for update using Github
2023-03-11 19:50:10 Success.
2023-03-11 19:50:10 Latest version is 1.1.16
2023-03-11 19:50:10 App is up to date.
2023-03-11 20:50:10 Checking for update using Github
2023-03-11 20:50:10 Success.
2023-03-11 20:50:10 Latest version is 1.1.16
2023-03-11 20:50:10 App is up to date.
2023-03-11 21:50:10 Checking for update using Github
2023-03-11 21:50:10 Success.
2023-03-11 21:50:10 Latest version is 1.1.16
2023-03-11 21:50:10 App is up to date.
2023-03-12 21:24:52 Loading main app package /usr/lib/obsidian/obsidian.asar
2023-03-12 21:24:52 Checking for update using Github
2023-03-12 21:24:53 Success.
2023-03-12 21:24:53 Latest version is 1.1.16
2023-03-12 21:24:53 App is up to date.
2023-03-13 04:06:45 Checking for update using Github
2023-03-13 11:12:26 Loading main app package /usr/lib/obsidian/obsidian.asar
2023-03-13 11:12:27 Checking for update using Github
2023-03-13 11:12:27 Success.
2023-03-13 11:12:27 Latest version is 1.1.16
2023-03-13 11:12:27 App is up to date.
2023-03-13 12:12:27 Checking for update using Github
2023-03-13 12:12:27 Success.
2023-03-13 12:12:27 Latest version is 1.1.16
2023-03-13 12:12:27 App is up to date.
2023-03-13 14:34:15 Checking for update using Github
2023-03-13 14:34:15 Success.
2023-03-13 14:34:15 Latest version is 1.1.16
2023-03-13 14:34:15 App is up to date.
2023-03-13 22:58:20 Checking for update using Github
2023-03-13 22:58:20 Success.
2023-03-13 22:58:20 Latest version is 1.1.16
2023-03-13 22:58:20 App is up to date.
2023-03-14 03:33:34 Checking for update using Github
2023-03-14 11:09:09 Loading main app package /usr/lib/obsidian/obsidian.asar
2023-03-14 11:09:09 Checking for update using Github
2023-03-14 11:09:10 Success.
2023-03-14 11:09:10 Latest version is 1.1.16
2023-03-14 11:09:10 App is up to date.
2023-03-14 12:09:09 Checking for update using Github
2023-03-14 12:09:09 Success.
2023-03-14 12:09:09 Latest version is 1.1.16
2023-03-14 12:09:09 App is up to date.
2023-03-14 14:53:15 Checking for update using Github
2023-03-14 14:53:15 Success.
2023-03-14 14:53:15 Latest version is 1.1.16
2023-03-14 14:53:15 App is up to date.
2023-03-14 15:53:16 Checking for update using Github
2023-03-14 15:53:16 Success.
2023-03-14 15:53:16 Latest version is 1.1.16
2023-03-14 15:53:16 App is up to date.
2023-03-14 17:39:51 Checking for update using Github
2023-03-14 17:39:51 Success.
2023-03-14 17:39:51 Latest version is 1.1.16
2023-03-14 17:39:51 App is up to date.
2023-03-14 22:17:01 Loading main app package /usr/lib/obsidian/obsidian.asar
2023-03-14 22:17:01 Checking for update using Github
2023-03-14 22:17:01 Success.
2023-03-14 22:17:01 Latest version is 1.1.16
2023-03-14 22:17:01 App is up to date.
2023-03-14 23:17:01 Checking for update using Github
2023-03-14 23:17:01 Success.
2023-03-14 23:17:01 Latest version is 1.1.16
2023-03-14 23:17:01 App is up to date.
2023-03-15 00:17:01 Checking for update using Github
2023-03-15 00:17:01 Success.
2023-03-15 00:17:01 Latest version is 1.1.16
2023-03-15 00:17:01 App is up to date.
2023-03-15 01:17:01 Checking for update using Github
2023-03-15 01:17:01 Success.
2023-03-15 01:17:01 Latest version is 1.1.16
2023-03-15 01:17:01 App is up to date.
2023-03-15 02:17:01 Checking for update using Github
2023-03-15 02:17:01 Success.
2023-03-15 02:17:01 Latest version is 1.1.16
2023-03-15 02:17:01 App is up to date.
2023-03-15 11:11:07 Loading main app package /usr/lib/obsidian/obsidian.asar
2023-03-15 11:11:08 Checking for update using Github
2023-03-15 11:11:08 Success.
2023-03-15 11:11:08 Latest version is 1.1.16
2023-03-15 11:11:08 App is up to date.
2023-03-15 12:11:07 Checking for update using Github
2023-03-15 12:11:07 Success.
2023-03-15 12:11:07 Latest version is 1.1.16
2023-03-15 12:11:07 App is up to date.
2023-03-15 13:26:49 Checking for update using Github
2023-03-15 13:26:50 Success.
2023-03-15 13:26:50 Latest version is 1.1.16
2023-03-15 13:26:50 App is up to date.
2023-03-15 14:56:33 Checking for update using Github
2023-03-15 14:56:33 Success.
2023-03-15 14:56:33 Latest version is 1.1.16
2023-03-15 14:56:33 App is up to date.
2023-03-15 15:56:33 Checking for update using Github
2023-03-15 15:56:33 Success.
2023-03-15 15:56:33 Latest version is 1.1.16
2023-03-15 15:56:33 App is up to date.
2023-03-16 11:11:46 Loading main app package /usr/lib/obsidian/obsidian.asar
2023-03-16 11:11:48 Checking for update using Github
2023-03-16 11:11:48 Success.
2023-03-16 11:11:48 Latest version is 1.1.16
2023-03-16 11:11:48 App is up to date.
2023-03-16 14:11:08 Checking for update using Github
2023-03-16 14:11:08 Success.
2023-03-16 14:11:08 Latest version is 1.1.16
2023-03-16 14:11:08 App is up to date.
2023-03-16 15:11:08 Checking for update using Github
2023-03-16 15:11:08 Success.
2023-03-16 15:11:08 Latest version is 1.1.16
2023-03-16 15:11:08 App is up to date.
2023-03-16 16:43:24 Checking for update using Github
2023-03-16 16:43:24 Success.
2023-03-16 16:43:24 Latest version is 1.1.16
2023-03-16 16:43:24 App is up to date.
2023-03-17 01:51:07 Loading main app package /usr/lib/obsidian/obsidian.asar
2023-03-17 01:51:08 Checking for update using Github
2023-03-17 01:51:08 Success.
2023-03-17 01:51:08 Latest version is 1.1.16
2023-03-17 01:51:08 App is up to date.
2023-03-17 11:09:41 Loading main app package /usr/lib/obsidian/obsidian.asar
2023-03-17 11:09:42 Checking for update using Github
2023-03-17 11:09:43 Success.
2023-03-17 11:09:43 Latest version is 1.1.16
2023-03-17 11:09:43 App is up to date.
2023-03-17 12:09:41 Checking for update using Github
2023-03-17 12:09:41 Success.
2023-03-17 12:09:41 Latest version is 1.1.16
2023-03-17 12:09:41 App is up to date.
2023-03-17 13:50:06 Checking for update using Github
2023-03-17 13:50:06 Success.
2023-03-17 13:50:06 Latest version is 1.1.16
2023-03-17 13:50:06 App is up to date.
2023-03-17 14:50:07 Checking for update using Github
2023-03-17 14:50:07 Success.
2023-03-17 14:50:07 Latest version is 1.1.16
2023-03-17 14:50:07 App is up to date.
2023-03-17 16:08:16 Checking for update using Github
2023-03-18 22:26:08 Loading main app package /usr/lib/obsidian/obsidian.asar
2023-03-18 22:26:08 Checking for update using Github
2023-03-18 22:26:09 Success.
2023-03-18 22:26:09 Latest version is 1.1.16
2023-03-18 22:26:09 App is up to date.
2023-03-19 03:39:18 Checking for update using Github
2023-03-19 03:39:18 Success.
2023-03-19 03:39:18 Latest version is 1.1.16
2023-03-19 03:39:18 App is up to date.
2023-03-19 04:39:18 Checking for update using Github
2023-03-19 04:39:18 Success.
2023-03-19 04:39:18 Latest version is 1.1.16
2023-03-19 04:39:18 App is up to date.
2023-03-20 11:11:16 Loading main app package /usr/lib/obsidian/obsidian.asar
2023-03-20 11:11:16 Checking for update using Github
2023-03-20 11:11:16 Success.
2023-03-20 11:11:16 Latest version is 1.1.16
2023-03-20 11:11:16 App is up to date.
2023-03-20 12:11:16 Checking for update using Github
2023-03-20 12:11:16 Success.
2023-03-20 12:11:16 Latest version is 1.1.16
2023-03-20 12:11:16 App is up to date.
2023-03-20 13:27:38 Checking for update using Github
2023-03-20 13:27:38 Success.
2023-03-20 13:27:38 Latest version is 1.1.16
2023-03-20 13:27:38 App is up to date.
2023-03-20 14:27:38 Checking for update using Github
2023-03-20 14:27:38 Failed to check for update using Github (net::ERR_INTERNET_DISCONNECTED)
2023-03-20 14:27:38 Checking for update using obsidian.md
2023-03-20 14:27:38 Failed to check for update using obsidian.md (net::ERR_INTERNET_DISCONNECTED)
2023-03-20 17:09:32 Checking for update using Github
2023-03-20 17:09:32 Success.
2023-03-20 17:09:32 Latest version is 1.1.16
2023-03-20 17:09:32 App is up to date.
2023-03-20 18:09:32 Checking for update using Github
2023-03-20 18:09:32 Success.
2023-03-20 18:09:32 Latest version is 1.1.16
2023-03-20 18:09:32 App is up to date.
2023-03-20 21:48:46 Loading main app package /usr/lib/obsidian/obsidian.asar
2023-03-20 21:48:47 Checking for update using Github
2023-03-20 21:48:47 Success.
2023-03-20 21:48:47 Latest version is 1.1.16
2023-03-20 21:48:47 App is up to date.
2023-03-20 22:48:46 Checking for update using Github
2023-03-20 22:48:47 Success.
2023-03-20 22:48:47 Latest version is 1.1.16
2023-03-20 22:48:47 App is up to date.
2023-03-20 23:48:47 Checking for update using Github
2023-03-20 23:48:47 Success.
2023-03-20 23:48:47 Latest version is 1.1.16
2023-03-20 23:48:47 App is up to date.
2023-03-21 11:10:05 Loading main app package /usr/lib/obsidian/obsidian.asar
2023-03-21 11:10:06 Checking for update using Github
2023-03-21 11:10:07 Success.
2023-03-21 11:10:07 Latest version is 1.1.16
2023-03-21 11:10:07 App is up to date.
2023-03-21 12:10:05 Checking for update using Github
2023-03-21 12:10:05 Success.
2023-03-21 12:10:05 Latest version is 1.1.16
2023-03-21 12:10:05 App is up to date.
2023-03-21 13:16:31 Checking for update using Github
2023-03-21 13:16:31 Success.
2023-03-21 13:16:31 Latest version is 1.1.16
2023-03-21 13:16:31 App is up to date.
2023-03-21 14:41:14 Checking for update using Github
2023-03-21 14:41:14 Success.
2023-03-21 14:41:14 Latest version is 1.1.16
2023-03-21 14:41:14 App is up to date.
2023-03-21 21:36:57 Checking for update using Github
2023-03-21 21:36:57 Failed to check for update using Github (net::ERR_INTERNET_DISCONNECTED)
2023-03-21 21:36:57 Checking for update using obsidian.md
2023-03-21 21:36:57 Failed to check for update using obsidian.md (net::ERR_INTERNET_DISCONNECTED)
2023-03-21 22:36:57 Checking for update using Github
2023-03-21 22:36:57 Success.
2023-03-21 22:36:57 Latest version is 1.1.16
2023-03-21 22:36:57 App is up to date.
2023-03-21 23:36:57 Checking for update using Github
2023-03-21 23:36:58 Success.
2023-03-21 23:36:58 Latest version is 1.1.16
2023-03-21 23:36:58 App is up to date.
2023-03-22 00:36:57 Checking for update using Github
2023-03-22 00:36:58 Success.
2023-03-22 00:36:58 Latest version is 1.1.16
2023-03-22 00:36:58 App is up to date.
2023-03-22 01:36:58 Checking for update using Github
2023-03-22 01:36:58 Success.
2023-03-22 01:36:58 Latest version is 1.1.16
2023-03-22 01:36:58 App is up to date.
2023-03-22 02:36:58 Checking for update using Github
2023-03-22 02:36:58 Success.
2023-03-22 02:36:58 Latest version is 1.1.16
2023-03-22 02:36:58 App is up to date.
2023-03-22 11:10:52 Loading main app package /usr/lib/obsidian/obsidian.asar
2023-03-22 11:10:53 Checking for update using Github
2023-03-22 11:10:54 Success.
2023-03-22 11:10:54 Latest version is 1.1.16
2023-03-22 11:10:54 App is up to date.
2023-03-22 13:28:51 Checking for update using Github
2023-03-22 13:28:52 Success.
2023-03-22 13:28:52 Latest version is 1.1.16
2023-03-22 13:28:52 App is up to date.
2023-03-22 14:28:52 Checking for update using Github
2023-03-22 14:28:52 Success.
2023-03-22 14:28:52 Latest version is 1.1.16
2023-03-22 14:28:52 App is up to date.
2023-03-22 16:25:34 Checking for update using Github
2023-03-22 16:25:35 Success.
2023-03-22 16:25:35 Latest version is 1.1.16
2023-03-22 16:25:35 App is up to date.
2023-03-23 00:37:25 Loading main app package /usr/lib/obsidian/obsidian.asar
2023-03-23 00:37:25 Checking for update using Github
2023-03-23 00:37:26 Success.
2023-03-23 00:37:26 Latest version is 1.1.16
2023-03-23 00:37:26 App is up to date.
2023-03-23 00:40:31 Loading main app package /usr/lib/obsidian/obsidian.asar
2023-03-23 00:40:31 Checking for update using Github
2023-03-23 00:40:31 Success.
2023-03-23 00:40:31 Latest version is 1.1.16
2023-03-23 00:40:31 App is up to date.
2023-03-23 00:47:00 Loading main app package /usr/lib/obsidian/obsidian.asar
2023-03-23 00:47:00 Checking for update using Github
2023-03-23 00:47:00 Success.
2023-03-23 00:47:00 Latest version is 1.1.16
2023-03-23 00:47:00 App is up to date.
2023-03-23 01:47:00 Checking for update using Github
2023-03-23 01:47:00 Success.
2023-03-23 01:47:00 Latest version is 1.1.16
2023-03-23 01:47:00 App is up to date.
2023-03-23 11:12:25 Loading main app package /usr/lib/obsidian/obsidian.asar
2023-03-23 11:12:27 Checking for update using Github
2023-03-23 11:12:27 Success.
2023-03-23 11:12:27 Latest version is 1.1.16
2023-03-23 11:12:27 App is up to date.
2023-03-23 12:12:25 Checking for update using Github
2023-03-23 12:12:25 Success.
2023-03-23 12:12:25 Latest version is 1.1.16
2023-03-23 12:12:25 App is up to date.
2023-03-23 16:17:39 Checking for update using Github
2023-03-23 16:17:39 Success.
2023-03-23 16:17:39 Latest version is 1.1.16
2023-03-23 16:17:39 App is up to date.
2023-03-24 11:12:02 Loading main app package /usr/lib/obsidian/obsidian.asar
2023-03-24 11:12:04 Checking for update using Github
2023-03-24 11:12:04 Success.
2023-03-24 11:12:04 Latest version is 1.1.16
2023-03-24 11:12:04 App is up to date.
2023-03-24 12:12:02 Checking for update using Github
2023-03-24 12:12:03 Success.
2023-03-24 12:12:03 Latest version is 1.1.16
2023-03-24 12:12:03 App is up to date.
2023-03-24 13:17:46 Checking for update using Github
2023-03-24 13:17:46 Success.
2023-03-24 13:17:46 Latest version is 1.1.16
2023-03-24 13:17:46 App is up to date.
2023-03-24 14:52:37 Checking for update using Github
2023-03-24 14:52:37 Success.
2023-03-24 14:52:37 Latest version is 1.1.16
2023-03-24 14:52:37 App is up to date.
2023-03-24 16:34:43 Checking for update using Github
2023-03-24 16:34:43 Success.
2023-03-24 16:34:43 Latest version is 1.1.16
2023-03-24 16:34:43 App is up to date.
2023-03-24 17:37:06 Checking for update using Github
2023-03-24 17:37:06 Success.
2023-03-24 17:37:06 Latest version is 1.1.16
2023-03-24 17:37:06 App is up to date.
2023-03-24 19:58:37 Checking for update using Github
2023-03-24 19:58:37 Success.
2023-03-24 19:58:37 Latest version is 1.1.16
2023-03-24 19:58:37 App is up to date.
2023-03-25 01:30:04 Checking for update using Github
2023-03-25 01:30:04 Success.
2023-03-25 01:30:04 Latest version is 1.1.16
2023-03-25 01:30:04 App is up to date.
2023-03-25 02:30:04 Checking for update using Github
2023-03-25 02:30:05 Success.
2023-03-25 02:30:05 Latest version is 1.1.16
2023-03-25 02:30:05 App is up to date.
2023-03-25 04:15:50 Checking for update using Github
2023-03-25 04:15:52 Success.
2023-03-25 04:15:52 Latest version is 1.1.16
2023-03-25 04:15:52 App is up to date.
2023-03-26 13:25:29 Loading main app package /usr/lib/obsidian/obsidian.asar
2023-03-26 13:25:30 Checking for update using Github
2023-03-26 13:25:30 Success.
2023-03-26 13:25:30 Latest version is 1.1.16
2023-03-26 13:25:30 App is up to date.
2023-03-26 14:25:30 Checking for update using Github
2023-03-26 14:25:30 Success.
2023-03-26 14:25:30 Latest version is 1.1.16
2023-03-26 14:25:30 App is up to date.
2023-03-26 15:04:30 Loading main app package /usr/lib/obsidian/obsidian.asar
2023-03-26 15:04:30 Checking for update using Github
2023-03-26 15:04:31 Success.
2023-03-26 15:04:31 Latest version is 1.1.16
2023-03-26 15:04:31 App is up to date.
2023-03-26 20:08:08 Loading main app package /usr/lib/obsidian/obsidian.asar
2023-03-26 20:08:08 Checking for update using Github
2023-03-26 20:08:10 Success.
2023-03-26 20:08:10 Latest version is 1.1.16
2023-03-26 20:08:10 App is up to date.
2023-03-26 21:08:08 Checking for update using Github
2023-03-26 21:08:08 Success.
2023-03-26 21:08:08 Latest version is 1.1.16
2023-03-26 21:08:08 App is up to date.
2023-03-26 21:20:13 Loading main app package /usr/lib/obsidian/obsidian.asar
2023-03-26 21:20:14 Checking for update using Github
2023-03-26 21:20:14 Success.
2023-03-26 21:20:14 Latest version is 1.1.16
2023-03-26 21:20:14 App is up to date.
2023-03-26 22:20:13 Checking for update using Github
2023-03-26 22:20:13 Success.
2023-03-26 22:20:13 Latest version is 1.1.16
2023-03-26 22:20:13 App is up to date.
2023-03-26 23:33:08 Loading main app package /usr/lib/obsidian/obsidian.asar
2023-03-26 23:33:09 Checking for update using Github
2023-03-26 23:33:09 Success.
2023-03-26 23:33:09 Latest version is 1.1.16
2023-03-26 23:33:09 App is up to date.
2023-03-27 00:33:09 Checking for update using Github
2023-03-27 00:33:09 Success.
2023-03-27 00:33:09 Latest version is 1.1.16
2023-03-27 00:33:09 App is up to date.
2023-03-27 01:33:09 Checking for update using Github
2023-03-27 01:33:10 Success.
2023-03-27 01:33:10 Latest version is 1.1.16
2023-03-27 01:33:10 App is up to date.
2023-03-27 02:33:09 Checking for update using Github
2023-03-27 02:33:10 Success.
2023-03-27 02:33:10 Latest version is 1.1.16
2023-03-27 02:33:10 App is up to date.
2023-03-27 03:33:10 Checking for update using Github
2023-03-27 03:33:10 Success.
2023-03-27 03:33:10 Latest version is 1.1.16
2023-03-27 03:33:10 App is up to date.
2023-03-27 04:33:10 Checking for update using Github
2023-03-27 04:33:10 Success.
2023-03-27 04:33:10 Latest version is 1.1.16
2023-03-27 04:33:10 App is up to date.
2023-03-27 05:33:10 Checking for update using Github
2023-03-27 05:33:10 Success.
2023-03-27 05:33:10 Latest version is 1.1.16
2023-03-27 05:33:10 App is up to date.
2023-03-27 06:33:10 Checking for update using Github
2023-03-27 06:33:10 Success.
2023-03-27 06:33:10 Latest version is 1.1.16
2023-03-27 06:33:10 App is up to date.
2023-03-27 07:33:10 Checking for update using Github
2023-03-27 07:33:10 Success.
2023-03-27 07:33:10 Latest version is 1.1.16
2023-03-27 07:33:10 App is up to date.
2023-03-27 08:33:10 Checking for update using Github
2023-03-27 08:33:10 Success.
2023-03-27 08:33:10 Latest version is 1.1.16
2023-03-27 08:33:10 App is up to date.
2023-03-27 09:33:10 Checking for update using Github
2023-03-27 09:33:10 Success.
2023-03-27 09:33:10 Latest version is 1.1.16
2023-03-27 09:33:10 App is up to date.
2023-03-27 11:08:27 Loading main app package /usr/lib/obsidian/obsidian.asar
2023-03-27 11:08:28 Checking for update using Github
2023-03-27 11:08:28 Success.
2023-03-27 11:08:28 Latest version is 1.1.16
2023-03-27 11:08:28 App is up to date.
2023-03-27 12:08:27 Checking for update using Github
2023-03-27 12:08:28 Success.
2023-03-27 12:08:28 Latest version is 1.1.16
2023-03-27 12:08:28 App is up to date.
2023-03-27 13:15:35 Checking for update using Github
2023-03-27 13:15:35 Success.
2023-03-27 13:15:35 Latest version is 1.1.16
2023-03-27 13:15:35 App is up to date.
2023-03-27 14:11:17 Loading main app package /usr/lib/obsidian/obsidian.asar
2023-03-27 14:11:17 Checking for update using Github
2023-03-27 14:11:17 Success.
2023-03-27 14:11:17 Latest version is 1.1.16
2023-03-27 14:11:17 App is up to date.
2023-03-27 17:12:43 Checking for update using Github
2023-03-27 17:12:43 Success.
2023-03-27 17:12:43 Latest version is 1.1.16
2023-03-27 17:12:43 App is up to date.
2023-03-27 19:08:06 Loading main app package /usr/lib/obsidian/obsidian.asar
2023-03-27 19:08:07 Checking for update using Github
2023-03-27 19:08:07 Success.
2023-03-27 19:08:07 Latest version is 1.1.16
2023-03-27 19:08:07 App is up to date.
2023-03-27 20:08:07 Checking for update using Github
2023-03-27 20:08:07 Success.
2023-03-27 20:08:07 Latest version is 1.1.16
2023-03-27 20:08:07 App is up to date.
2023-03-27 21:08:07 Checking for update using Github
2023-03-27 21:08:07 Success.
2023-03-27 21:08:07 Latest version is 1.1.16
2023-03-27 21:08:07 App is up to date.
2023-03-27 22:08:07 Checking for update using Github
2023-03-27 22:08:07 Success.
2023-03-27 22:08:07 Latest version is 1.1.16
2023-03-27 22:08:07 App is up to date.
2023-03-27 23:08:07 Checking for update using Github
2023-03-27 23:08:07 Success.
2023-03-27 23:08:07 Latest version is 1.1.16
2023-03-27 23:08:07 App is up to date.
2023-03-28 00:08:07 Checking for update using Github
2023-03-28 00:08:08 Success.
2023-03-28 00:08:08 Latest version is 1.1.16
2023-03-28 00:08:08 App is up to date.
2023-03-28 01:08:07 Checking for update using Github
2023-03-28 01:08:08 Success.
2023-03-28 01:08:08 Latest version is 1.1.16
2023-03-28 01:08:08 App is up to date.
2023-03-28 02:08:08 Checking for update using Github
2023-03-28 02:08:08 Success.
2023-03-28 02:08:08 Latest version is 1.1.16
2023-03-28 02:08:08 App is up to date.
2023-03-28 03:08:08 Checking for update using Github
2023-03-28 03:08:08 Success.
2023-03-28 03:08:08 Latest version is 1.1.16
2023-03-28 03:08:08 App is up to date.
2023-03-28 11:12:46 Loading main app package /usr/lib/obsidian/obsidian.asar
2023-03-28 11:12:47 Checking for update using Github
2023-03-28 11:12:48 Success.
2023-03-28 11:12:48 Latest version is 1.1.16
2023-03-28 11:12:48 App is up to date.
2023-03-28 12:12:46 Checking for update using Github
2023-03-28 12:12:46 Success.
2023-03-28 12:12:46 Latest version is 1.1.16
2023-03-28 12:12:46 App is up to date.
2023-03-28 13:16:09 Checking for update using Github
2023-03-28 13:16:09 Success.
2023-03-28 13:16:09 Latest version is 1.1.16
2023-03-28 13:16:09 App is up to date.
2023-03-28 14:45:20 Checking for update using Github
2023-03-28 14:45:20 Success.
2023-03-28 14:45:20 Latest version is 1.1.16
2023-03-28 14:45:20 App is up to date.
2023-03-28 16:44:37 Checking for update using Github
2023-03-28 16:44:37 Success.
2023-03-28 16:44:37 Latest version is 1.1.16
2023-03-28 16:44:37 App is up to date.
2023-03-28 17:46:37 Checking for update using Github
2023-03-28 17:46:37 Success.
2023-03-28 17:46:37 Latest version is 1.1.16
2023-03-28 17:46:37 App is up to date.
2023-03-28 20:08:17 Checking for update using Github
2023-03-28 20:08:17 Success.
2023-03-28 20:08:17 Latest version is 1.1.16
2023-03-28 20:08:17 App is up to date.
2023-03-28 21:08:17 Checking for update using Github
2023-03-28 21:08:17 Success.
2023-03-28 21:08:17 Latest version is 1.1.16
2023-03-28 21:08:17 App is up to date.
2023-03-28 22:08:17 Checking for update using Github
2023-03-28 22:08:17 Success.
2023-03-28 22:08:17 Latest version is 1.1.16
2023-03-28 22:08:17 App is up to date.
2023-03-28 23:10:23 Checking for update using Github
2023-03-28 23:10:23 Success.
2023-03-28 23:10:23 Latest version is 1.1.16
2023-03-28 23:10:23 App is up to date.
2023-03-29 00:12:15 Checking for update using Github
2023-03-29 00:12:15 Success.
2023-03-29 00:12:15 Latest version is 1.1.16
2023-03-29 00:12:15 App is up to date.
2023-03-29 01:12:15 Checking for update using Github
2023-03-29 01:12:15 Success.
2023-03-29 01:12:15 Latest version is 1.1.16
2023-03-29 01:12:15 App is up to date.
2023-03-29 02:12:15 Checking for update using Github
2023-03-29 02:12:15 Success.
2023-03-29 02:12:15 Latest version is 1.1.16
2023-03-29 02:12:15 App is up to date.
2023-03-29 03:12:15 Checking for update using Github
2023-03-29 03:12:15 Success.
2023-03-29 03:12:15 Latest version is 1.1.16
2023-03-29 03:12:15 App is up to date.
2023-03-29 03:24:14 Loading main app package /usr/lib/obsidian/obsidian.asar
2023-03-29 03:24:15 Checking for update using Github
2023-03-29 03:24:15 Success.
2023-03-29 03:24:15 Latest version is 1.1.16
2023-03-29 03:24:15 App is up to date.
2023-03-29 11:09:49 Loading main app package /usr/lib/obsidian/obsidian.asar
2023-03-29 11:09:51 Checking for update using Github
2023-03-29 11:09:52 Success.
2023-03-29 11:09:52 Latest version is 1.1.16
2023-03-29 11:09:52 App is up to date.
2023-03-29 12:09:50 Checking for update using Github
2023-03-29 12:09:50 Success.
2023-03-29 12:09:50 Latest version is 1.1.16
2023-03-29 12:09:50 App is up to date.
2023-03-29 13:22:20 Checking for update using Github
2023-03-29 13:22:20 Success.
2023-03-29 13:22:20 Latest version is 1.1.16
2023-03-29 13:22:20 App is up to date.
2023-03-29 19:01:32 Checking for update using Github
2023-03-29 19:01:32 Success.
2023-03-29 19:01:32 Latest version is 1.1.16
2023-03-29 19:01:32 App is up to date.
2023-03-29 20:01:32 Checking for update using Github
2023-03-29 20:01:32 Success.
2023-03-29 20:01:32 Latest version is 1.1.16
2023-03-29 20:01:32 App is up to date.
2023-03-29 21:01:32 Checking for update using Github
2023-03-29 21:01:32 Success.
2023-03-29 21:01:32 Latest version is 1.1.16
2023-03-29 21:01:32 App is up to date.
2023-03-29 22:01:32 Checking for update using Github
2023-03-29 22:01:32 Success.
2023-03-29 22:01:32 Latest version is 1.1.16
2023-03-29 22:01:32 App is up to date.
2023-03-29 23:01:32 Checking for update using Github
2023-03-29 23:01:32 Success.
2023-03-29 23:01:32 Latest version is 1.1.16
2023-03-29 23:01:32 App is up to date.
2023-03-30 00:01:32 Checking for update using Github
2023-03-30 00:01:32 Success.
2023-03-30 00:01:32 Latest version is 1.1.16
2023-03-30 00:01:32 App is up to date.
2023-03-30 01:01:32 Checking for update using Github
2023-03-30 01:01:33 Success.
2023-03-30 01:01:33 Latest version is 1.1.16
2023-03-30 01:01:33 App is up to date.
2023-03-30 02:01:32 Checking for update using Github
2023-03-30 02:01:33 Success.
2023-03-30 02:01:33 Latest version is 1.1.16
2023-03-30 02:01:33 App is up to date.
2023-03-30 03:01:33 Checking for update using Github
2023-03-30 03:01:33 Success.
2023-03-30 03:01:33 Latest version is 1.1.16
2023-03-30 03:01:33 App is up to date.
2023-03-30 11:10:34 Loading main app package /usr/lib/obsidian/obsidian.asar
2023-03-30 11:10:35 Checking for update using Github
2023-03-30 11:10:36 Success.
2023-03-30 11:10:36 Latest version is 1.1.16
2023-03-30 11:10:36 App is up to date.
2023-03-30 12:10:34 Checking for update using Github
2023-03-30 12:10:34 Success.
2023-03-30 12:10:34 Latest version is 1.1.16
2023-03-30 12:10:34 App is up to date.
2023-03-30 14:05:01 Checking for update using Github
2023-03-30 14:05:02 Success.
2023-03-30 14:05:02 Latest version is 1.1.16
2023-03-30 14:05:02 App is up to date.
2023-03-30 15:05:02 Checking for update using Github
2023-03-30 15:05:02 Success.
2023-03-30 15:05:02 Latest version is 1.1.16
2023-03-30 15:05:02 App is up to date.
2023-03-30 17:20:02 Checking for update using Github
2023-03-30 17:20:02 Success.
2023-03-30 17:20:02 Latest version is 1.1.16
2023-03-30 17:20:02 App is up to date.
2023-03-30 19:50:21 Checking for update using Github
2023-03-30 19:50:21 Success.
2023-03-30 19:50:21 Latest version is 1.1.16
2023-03-30 19:50:21 App is up to date.
2023-03-30 20:50:22 Checking for update using Github
2023-03-30 20:50:22 Success.
2023-03-30 20:50:22 Latest version is 1.1.16
2023-03-30 20:50:22 App is up to date.
2023-03-30 21:50:22 Checking for update using Github
2023-03-30 21:50:22 Success.
2023-03-30 21:50:22 Latest version is 1.1.16
2023-03-30 21:50:22 App is up to date.
2023-03-30 22:50:22 Checking for update using Github
2023-03-30 22:50:22 Success.
2023-03-30 22:50:22 Latest version is 1.1.16
2023-03-30 22:50:22 App is up to date.
2023-03-30 23:50:22 Checking for update using Github
2023-03-30 23:50:22 Success.
2023-03-30 23:50:22 Latest version is 1.1.16
2023-03-30 23:50:22 App is up to date.
2023-03-31 00:50:22 Checking for update using Github
2023-03-31 00:50:22 Success.
2023-03-31 00:50:22 Latest version is 1.1.16
2023-03-31 00:50:22 App is up to date.
2023-03-31 12:47:37 Loading main app package /usr/lib/obsidian/obsidian.asar
2023-03-31 12:47:38 Checking for update using Github
2023-03-31 12:47:39 Success.
2023-03-31 12:47:39 Latest version is 1.1.16
2023-03-31 12:47:39 App is up to date.
2023-04-01 15:54:42 Checking for update using Github
2023-04-01 15:54:42 Success.
2023-04-01 15:54:42 Latest version is 1.1.16
2023-04-01 15:54:42 App is up to date.
2023-04-01 16:54:42 Checking for update using Github
2023-04-01 16:54:42 Success.
2023-04-01 16:54:42 Latest version is 1.1.16
2023-04-01 16:54:42 App is up to date.
2023-04-01 17:54:42 Checking for update using Github
2023-04-01 17:54:42 Success.
2023-04-01 17:54:42 Latest version is 1.1.16
2023-04-01 17:54:42 App is up to date.
2023-04-09 12:30:08 Loading main app package /usr/lib/obsidian/obsidian.asar
2023-04-09 12:30:08 Checking for update using Github
2023-04-09 12:30:08 Success.
2023-04-09 12:30:08 Latest version is 1.1.16
2023-04-09 12:30:08 App is up to date.
2023-04-09 12:35:07 Loading main app package /usr/lib/obsidian/obsidian.asar
2023-04-09 12:35:07 Checking for update using Github
2023-04-09 12:35:07 Success.
2023-04-09 12:35:07 Latest version is 1.1.16
2023-04-09 12:35:07 App is up to date.
2023-04-09 13:35:06 Checking for update using Github
2023-04-09 13:35:06 Success.
2023-04-09 13:35:06 Latest version is 1.1.16
2023-04-09 13:35:06 App is up to date.
2023-04-09 14:35:06 Checking for update using Github
2023-04-09 14:35:06 Success.
2023-04-09 14:35:06 Latest version is 1.1.16
2023-04-09 14:35:06 App is up to date.
2023-04-09 15:35:06 Checking for update using Github
2023-04-09 15:35:07 Success.
2023-04-09 15:35:07 Latest version is 1.1.16
2023-04-09 15:35:07 App is up to date.
2023-04-09 16:35:07 Checking for update using Github
2023-04-09 16:35:07 Success.
2023-04-09 16:35:07 Latest version is 1.1.16
2023-04-09 16:35:07 App is up to date.
2023-04-09 17:35:07 Checking for update using Github
2023-04-09 17:35:07 Success.
2023-04-09 17:35:07 Latest version is 1.1.16
2023-04-09 17:35:07 App is up to date.
2023-04-09 18:35:07 Checking for update using Github
2023-04-09 18:35:07 Success.
2023-04-09 18:35:07 Latest version is 1.1.16
2023-04-09 18:35:07 App is up to date.
2023-04-09 19:35:07 Checking for update using Github
2023-04-09 19:35:07 Success.
2023-04-09 19:35:07 Latest version is 1.1.16
2023-04-09 19:35:07 App is up to date.
2023-04-09 20:35:07 Checking for update using Github
2023-04-09 20:35:07 Success.
2023-04-09 20:35:07 Latest version is 1.1.16
2023-04-09 20:35:07 App is up to date.
